Arguments: 
  /usr/local/bin/node /usr/local/Cellar/yarn/1.22.10/libexec/bin/yarn.js add nodemon —dev

PATH: 
  /usr/local/bin:/usr/bin:/bin:/usr/sbin:/sbin:/Library/Apple/usr/bin:/Users/youngwooyoo/opt/anaconda3/bin:/Users/youngwooyoo/opt/anaconda3/condabin

Yarn version: 
  1.22.10

Node version: 
  14.15.1

Platform: 
  darwin x64

Trace: 
  TypeError [ERR_UNESCAPED_CHARACTERS]: Request path contains unescaped characters
      at new ClientRequest (_http_client.js:151:13)
      at Object.request (https.js:313:10)
      at Request.module.exports.Request.start (/usr/local/Cellar/yarn/1.22.10/libexec/lib/cli.js:141311:32)
      at Request.module.exports.Request.end (/usr/local/Cellar/yarn/1.22.10/libexec/lib/cli.js:142070:10)
      at end (/usr/local/Cellar/yarn/1.22.10/libexec/lib/cli.js:141124:14)
      at Immediate._onImmediate (/usr/local/Cellar/yarn/1.22.10/libexec/lib/cli.js:141138:7)
      at processImmediate (internal/timers.js:461:21)

npm manifest: 
  {
    "dependencies": {
      "bcryptjs": "^2.4.3"
    },
    "devDependencies": {
      "@types/bcryptjs": "^2.4.2"
    }
  }

yarn manifest: 
  No manifest

Lockfile: 
  # THIS IS AN AUTOGENERATED FILE. DO NOT EDIT THIS FILE DIRECTLY.
  # yarn lockfile v1
  
  
  "@types/bcryptjs@^2.4.2":
    version "2.4.2"
    resolved "https://registry.yarnpkg.com/@types/bcryptjs/-/bcryptjs-2.4.2.tgz#e3530eac9dd136bfdfb0e43df2c4c5ce1f77dfae"
    integrity sha512-LiMQ6EOPob/4yUL66SZzu6Yh77cbzJFYll+ZfaPiPPFswtIlA/Fs1MzdKYA7JApHU49zQTbJGX3PDmCpIdDBRQ==
  
  bcryptjs@^2.4.3:
    version "2.4.3"
    resolved "https://registry.yarnpkg.com/bcryptjs/-/bcryptjs-2.4.3.tgz#9ab5627b93e60621ff7cdac5da9733027df1d0cb"
    integrity sha1-mrVie5PmBiH/fNrF2pczAn3x0Ms=
